Base path: 'C:/Program Files/Unity/Editor/Data', plugins path 'C:/Program Files/Unity/Editor/Data/PlaybackEngines'
Cmd: initializeCompiler
Cmd: compileComputeKernel
  error: 1 plat 4 at Generic.compute(379): signed/unsigned mismatch, unsigned assumed
  error: 1 plat 4 at Generic.compute(392): signed/unsigned mismatch, unsigned assumed
  error: 1 plat 4 at Generic.compute(408): signed/unsigned mismatch, unsigned assumed
  api=4 insize=15451 outsize=1476 ok=1
Cmd: compileComputeKernel
  error: 1 plat 4 at Generic.compute(379): signed/unsigned mismatch, unsigned assumed
  error: 1 plat 4 at Generic.compute(392): signed/unsigned mismatch, unsigned assumed
  error: 1 plat 4 at Generic.compute(408): signed/unsigned mismatch, unsigned assumed
  api=4 insize=15451 outsize=1789 ok=1
Cmd: compileComputeKernel
  error: 1 plat 4 at Generic.compute(379): signed/unsigned mismatch, unsigned assumed
  error: 1 plat 4 at Generic.compute(392): signed/unsigned mismatch, unsigned assumed
  error: 1 plat 4 at Generic.compute(408): signed/unsigned mismatch, unsigned assumed
  api=4 insize=15451 outsize=1416 ok=1
Cmd: compileComputeKernel
  error: 1 plat 4 at Generic.compute(379): signed/unsigned mismatch, unsigned assumed
  error: 1 plat 4 at Generic.compute(392): signed/unsigned mismatch, unsigned assumed
  error: 1 plat 4 at Generic.compute(408): signed/unsigned mismatch, unsigned assumed
  api=4 insize=15451 outsize=2506 ok=1
Cmd: compileComputeKernel
  error: 1 plat 4 at Generic.compute(379): signed/unsigned mismatch, unsigned assumed
  error: 1 plat 4 at Generic.compute(392): signed/unsigned mismatch, unsigned assumed
  error: 1 plat 4 at Generic.compute(408): signed/unsigned mismatch, unsigned assumed
  api=4 insize=15451 outsize=1349 ok=1
Cmd: compileComputeKernel
  api=4 insize=9919 outsize=1831 ok=1
Cmd: compileComputeKernel
  api=4 insize=9919 outsize=2271 ok=1
Cmd: compileComputeKernel
  api=4 insize=9919 outsize=1860 ok=1
Cmd: compileComputeKernel
  api=4 insize=9919 outsize=2010 ok=1
Cmd: compileComputeKernel
  error: 1 plat 4 at BarracudaReferenceImpl.compute(12): 'kernal' : unknown pragma ignored
  error: 1 plat 4 at BarracudaReferenceImpl.compute(1261): 'ix': loop control variable conflicts with a previous declaration in the outer scope; most recent declaration will be used
  api=4 insize=44328 outsize=2583 ok=1
Cmd: compileComputeKernel
  error: 1 plat 4 at BarracudaReferenceImpl.compute(12): 'kernal' : unknown pragma ignored
  error: 1 plat 4 at BarracudaReferenceImpl.compute(1261): 'ix': loop control variable conflicts with a previous declaration in the outer scope; most recent declaration will be used
  api=4 insize=44328 outsize=1564 ok=1
Cmd: compileComputeKernel
  error: 1 plat 4 at BarracudaReferenceImpl.compute(12): 'kernal' : unknown pragma ignored
  error: 1 plat 4 at BarracudaReferenceImpl.compute(1261): 'ix': loop control variable conflicts with a previous declaration in the outer scope; most recent declaration will be used
  api=4 insize=44328 outsize=2014 ok=1
Cmd: compileComputeKernel
  error: 1 plat 4 at BarracudaReferenceImpl.compute(12): 'kernal' : unknown pragma ignored
  error: 1 plat 4 at BarracudaReferenceImpl.compute(1261): 'ix': loop control variable conflicts with a previous declaration in the outer scope; most recent declaration will be used
  api=4 insize=44328 outsize=1574 ok=1
Cmd: compileComputeKernel
  error: 1 plat 4 at BarracudaReferenceImpl.compute(12): 'kernal' : unknown pragma ignored
  error: 1 plat 4 at BarracudaReferenceImpl.compute(1261): 'ix': loop control variable conflicts with a previous declaration in the outer scope; most recent declaration will be used
  api=4 insize=44328 outsize=1309 ok=1
Cmd: compileComputeKernel
  error: 1 plat 4 at BarracudaReferenceImpl.compute(12): 'kernal' : unknown pragma ignored
  error: 1 plat 4 at BarracudaReferenceImpl.compute(1261): 'ix': loop control variable conflicts with a previous declaration in the outer scope; most recent declaration will be used
  api=4 insize=44328 outsize=1295 ok=1
Cmd: compileComputeKernel
  error: 1 plat 4 at BarracudaReferenceImpl.compute(12): 'kernal' : unknown pragma ignored
  error: 1 plat 4 at BarracudaReferenceImpl.compute(1261): 'ix': loop control variable conflicts with a previous declaration in the outer scope; most recent declaration will be used
  api=4 insize=44328 outsize=1667 ok=1
Cmd: compileComputeKernel
  error: 1 plat 4 at BarracudaReferenceImpl.compute(12): 'kernal' : unknown pragma ignored
  error: 1 plat 4 at BarracudaReferenceImpl.compute(1261): 'ix': loop control variable conflicts with a previous declaration in the outer scope; most recent declaration will be used
  api=4 insize=44328 outsize=1306 ok=1
Cmd: compileComputeKernel
  error: 1 plat 4 at BarracudaReferenceImpl.compute(12): 'kernal' : unknown pragma ignored
  error: 1 plat 4 at BarracudaReferenceImpl.compute(1261): 'ix': loop control variable conflicts with a previous declaration in the outer scope; most recent declaration will be used
  api=4 insize=44328 outsize=1344 ok=1
Cmd: compileComputeKernel
  error: 1 plat 4 at BarracudaReferenceImpl.compute(12): 'kernal' : unknown pragma ignored
  error: 1 plat 4 at BarracudaReferenceImpl.compute(1261): 'ix': loop control variable conflicts with a previous declaration in the outer scope; most recent declaration will be used
  api=4 insize=44328 outsize=1296 ok=1
Cmd: compileComputeKernel
  error: 1 plat 4 at BarracudaReferenceImpl.compute(12): 'kernal' : unknown pragma ignored
  error: 1 plat 4 at BarracudaReferenceImpl.compute(1261): 'ix': loop control variable conflicts with a previous declaration in the outer scope; most recent declaration will be used
  api=4 insize=44328 outsize=1762 ok=1
Cmd: compileComputeKernel
  error: 1 plat 4 at BarracudaReferenceImpl.compute(12): 'kernal' : unknown pragma ignored
  error: 1 plat 4 at BarracudaReferenceImpl.compute(1261): 'ix': loop control variable conflicts with a previous declaration in the outer scope; most recent declaration will be used
  api=4 insize=44328 outsize=1831 ok=1
Cmd: compileComputeKernel
  error: 1 plat 4 at BarracudaReferenceImpl.compute(12): 'kernal' : unknown pragma ignored
  error: 1 plat 4 at BarracudaReferenceImpl.compute(1261): 'ix': loop control variable conflicts with a previous declaration in the outer scope; most recent declaration will be used
  api=4 insize=44328 outsize=1831 ok=1
Cmd: compileComputeKernel
  error: 1 plat 4 at BarracudaReferenceImpl.compute(12): 'kernal' : unknown pragma ignored
  error: 1 plat 4 at BarracudaReferenceImpl.compute(1261): 'ix': loop control variable conflicts with a previous declaration in the outer scope; most recent declaration will be used
  api=4 insize=44328 outsize=1831 ok=1
Cmd: compileComputeKernel
  error: 1 plat 4 at BarracudaReferenceImpl.compute(12): 'kernal' : unknown pragma ignored
  error: 1 plat 4 at BarracudaReferenceImpl.compute(1261): 'ix': loop control variable conflicts with a previous declaration in the outer scope; most recent declaration will be used
  api=4 insize=44328 outsize=1860 ok=1
Cmd: compileComputeKernel
  error: 1 plat 4 at BarracudaReferenceImpl.compute(12): 'kernal' : unknown pragma ignored
  error: 1 plat 4 at BarracudaReferenceImpl.compute(1261): 'ix': loop control variable conflicts with a previous declaration in the outer scope; most recent declaration will be used
  api=4 insize=44328 outsize=2009 ok=1
Cmd: compileComputeKernel
  error: 1 plat 4 at BarracudaReferenceImpl.compute(12): 'kernal' : unknown pragma ignored
  error: 1 plat 4 at BarracudaReferenceImpl.compute(1261): 'ix': loop control variable conflicts with a previous declaration in the outer scope; most recent declaration will be used
  api=4 insize=44328 outsize=1311 ok=1
Cmd: compileComputeKernel
  error: 1 plat 4 at BarracudaReferenceImpl.compute(12): 'kernal' : unknown pragma ignored
  error: 1 plat 4 at BarracudaReferenceImpl.compute(1261): 'ix': loop control variable conflicts with a previous declaration in the outer scope; most recent declaration will be used
  api=4 insize=44328 outsize=1326 ok=1
Cmd: compileComputeKernel
  error: 1 plat 4 at BarracudaReferenceImpl.compute(12): 'kernal' : unknown pragma ignored
  error: 1 plat 4 at BarracudaReferenceImpl.compute(1261): 'ix': loop control variable conflicts with a previous declaration in the outer scope; most recent declaration will be used
  api=4 insize=44328 outsize=1327 ok=1
Cmd: compileComputeKernel
  error: 1 plat 4 at BarracudaReferenceImpl.compute(12): 'kernal' : unknown pragma ignored
  error: 1 plat 4 at BarracudaReferenceImpl.compute(1261): 'ix': loop control variable conflicts with a previous declaration in the outer scope; most recent declaration will be used
  api=4 insize=44328 outsize=1575 ok=1
Cmd: compileComputeKernel
  error: 1 plat 4 at BarracudaReferenceImpl.compute(12): 'kernal' : unknown pragma ignored
  error: 1 plat 4 at BarracudaReferenceImpl.compute(1261): 'ix': loop control variable conflicts with a previous declaration in the outer scope; most recent declaration will be used
  api=4 insize=44328 outsize=1696 ok=1
Cmd: compileComputeKernel
  api=4 insize=64076 outsize=2569 ok=1
Cmd: compileComputeKernel
  api=4 insize=64076 outsize=4621 ok=1
Cmd: compileComputeKernel
  api=4 insize=64076 outsize=5347 ok=1
Cmd: compileComputeKernel
  api=4 insize=28299 outsize=770 ok=1
Cmd: compileComputeKernel
  api=4 insize=28299 outsize=772 ok=1
Cmd: compileComputeKernel
  api=4 insize=28299 outsize=960 ok=1
Cmd: compileComputeKernel
  api=4 insize=28299 outsize=1027 ok=1
Cmd: compileComputeKernel
  api=4 insize=28299 outsize=1000 ok=1
Cmd: compileComputeKernel
  api=4 insize=28299 outsize=850 ok=1
Cmd: compileComputeKernel
  api=4 insize=28299 outsize=839 ok=1
Cmd: compileComputeKernel
  api=4 insize=28299 outsize=791 ok=1
Cmd: compileComputeKernel
  api=4 insize=28299 outsize=764 ok=1
Cmd: compileComputeKernel
  api=4 insize=28299 outsize=711 ok=1
Cmd: compileComputeKernel
  api=4 insize=28299 outsize=1277 ok=1
Cmd: compileComputeKernel
  api=4 insize=28299 outsize=1306 ok=1
Cmd: compileComputeKernel
  api=4 insize=28299 outsize=1057 ok=1
Cmd: compileComputeKernel
  api=4 insize=28299 outsize=1469 ok=1
Cmd: compileComputeKernel
  api=4 insize=28299 outsize=1442 ok=1
Cmd: compileComputeKernel
  api=4 insize=28299 outsize=1291 ok=1
Cmd: compileComputeKernel
  api=4 insize=28299 outsize=1450 ok=1
Cmd: compileComputeKernel
  api=4 insize=28299 outsize=1296 ok=1
Cmd: compileComputeKernel
  api=4 insize=28299 outsize=1273 ok=1
Cmd: compileComputeKernel
  api=4 insize=28299 outsize=1206 ok=1
Cmd: compileComputeKernel
  api=4 insize=28299 outsize=1291 ok=1
Cmd: compileComputeKernel
  api=4 insize=28299 outsize=1372 ok=1
Cmd: compileComputeKernel
  api=4 insize=23440 outsize=10693 ok=1
Cmd: compileComputeKernel
  api=4 insize=4053 outsize=1700 ok=1
Cmd: compileComputeKernel
  api=4 insize=1810 outsize=3102 ok=1
Cmd: compileSnippet
  api=4 type=1 insize=11846 outsize=5706 kw=SHADOWS_SPLIT_SPHERES pd=UNITY_ENABLE_REFLECTION_BUFFERS UNITY_USE_DITHER_MASK_FOR_ALPHABLENDED_SHADOWS UNITY_PBS_USE_BRDF1 UNITY_SPECCUBE_BOX_PROJECTION UNITY_SPECCUBE_BLENDING UNITY_ENABLE_DETAIL_NORMALMAP SHADER_API_DESKTOP UNITY_COLORSPACE_GAMMA UNITY_LIGHT_PROBE_PROXY_VOLUME UNITY_LIGHTMAP_FULL_HDR ok=1
